<?xml version="1.0" encoding="UTF-8"?>
<!-- Generated by org.testng.reporters.JUnitReportReporter -->
<testsuite hostname="LAPTOP-MQ0I9AOV" failures="0" tests="1" name="testCases.TC_002_LoginTest" time="0.775" errors="0" timestamp="2023-06-04T22:39:00 IST" skipped="0">
  <testcase classname="testCases.TC_002_LoginTest" name="test_login" time="0.775"/>
  <system-out/>
</testsuite> <!-- testCases.TC_002_LoginTest -->
