<?xml version="1.0" encoding="UTF-8"?>
<!-- Generated by org.testng.reporters.JUnitReportReporter -->
<testsuite hostname="LAPTOP-MQ0I9AOV" failures="0" tests="1" name="testCases.TC_001_AccountRegistrationTest" time="1.811" errors="0" timestamp="2023-06-04T22:39:00 IST" skipped="0">
  <testcase classname="testCases.TC_001_AccountRegistrationTest" name="test_account_registration" time="1.811"/>
  <system-out/>
</testsuite> <!-- testCases.TC_001_AccountRegistrationTest -->
