<?xml version="1.0" encoding="UTF-8"?>
<!-- Generated by org.testng.reporters.JUnitReportReporter -->
<testsuite hostname="LAPTOP-MQ0I9AOV" failures="0" tests="1" name="testCases.TC_002_LoginTest" time="0.953" errors="0" timestamp="2023-06-05T00:45:36 IST" skipped="0">
  <testcase classname="testCases.TC_002_LoginTest" name="test_login" time="0.953"/>
</testsuite> <!-- testCases.TC_002_LoginTest -->
